Case #1: 1.00 1.00 0.00 0.00 
Case #2: 0.67 0.00 0.33 
Case #3: 0.17 0.81 0.59 0.15 0.14 
Case #4: 0.14 0.80 0.20 0.16 0.15 
Case #5: 0.26 0.31 0.10 0.30 0.18 
Case #6: 0.81 0.12 0.86 0.50 0.18 
Case #7: 0.58 0.17 0.56 0.57 0.32 
Case #8: 0.25 0.37 0.16 0.31 0.14 
Case #9: 0.77 0.73 0.40 0.41 0.40 
Case #10: 0.22 0.81 0.11 0.14 0.28 
Case #11: 0.23 0.14 0.26 0.20 0.57 
Case #12: 0.38 0.18 0.26 0.17 0.17 
Case #13: 0.33 0.26 0.37 0.27 0.55 
Case #14: 0.39 0.31 0.32 0.61 0.23 
Case #15: 0.33 0.78 0.57 0.58 0.26 
Case #16: 0.48 0.26 0.21 0.48 0.24 
Case #17: 0.56 0.29 0.72 0.14 0.25 
Case #18: 0.61 0.89 0.54 0.31 0.22 
Case #19: 0.24 0.33 0.15 0.15 0.15 
Case #20: 0.10 0.57 0.36 0.11 0.31 
Case #21: 0.23 0.46 0.14 0.83 0.19 
Case #22: 0.74 0.59 0.11 0.47 0.24 
Case #23: 0.00 0.26 0.25 0.00 1.00 
Case #24: 0.10 0.45 0.43 0.22 0.19 
Case #25: 0.10 0.30 0.64 0.57 0.11 
Case #26: 0.16 0.72 0.24 0.13 0.10 
Case #27: 0.11 0.15 0.65 0.25 0.16 
Case #28: 0.19 0.17 0.15 0.19 0.42 
Case #29: 0.23 0.23 0.48 0.32 0.31 
Case #30: 0.11 0.11 0.27 0.20 0.20 
Case #31: 0.54 0.19 0.27 0.12 0.13 
Case #32: 0.12 0.32 0.39 0.80 0.31 
Case #33: 0.49 0.60 0.09 0.10 0.10 
Case #34: 0.11 0.26 0.19 0.37 0.28 
Case #35: 0.29 0.27 0.09 0.08 0.34 
Case #36: 0.23 0.30 0.25 0.25 0.22 
Case #37: 0.18 0.16 0.91 0.11 0.13 
Case #38: 0.56 0.42 0.40 0.21 0.44 
Case #39: 0.30 0.12 0.30 0.18 0.19 
Case #40: 0.11 0.53 0.14 0.52 0.12 
Case #41: 0.13 0.34 0.12 0.13 0.31 
Case #42: 0.30 0.58 0.38 0.37 0.49 
Case #43: 0.13 0.15 0.50 0.14 0.75 
Case #44: 0.27 0.30 0.24 0.35 0.20 
Case #45: 0.12 0.16 0.28 0.54 0.21 
Case #46: 0.36 0.23 0.44 0.26 0.40 
Case #47: 0.13 0.11 0.18 0.22 0.46 
Case #48: 0.14 0.77 0.17 0.15 0.11 
Case #49: 0.26 0.16 0.11 0.21 0.16 
Case #50: 0.17 0.11 0.13 0.09 0.11 
Case #51: 0.39 0.30 0.15 0.11 0.16 
Case #52: 0.40 0.40 0.60 0.40 0.30 
Case #53: 0.33 0.12 0.22 0.14 0.62 
Case #54: 0.16 0.23 0.30 0.14 0.69 
Case #55: 0.20 0.14 0.16 0.18 0.25 
Case #56: 0.11 0.21 0.10 0.31 0.10 
Case #57: 0.19 0.89 0.29 0.21 0.11 
Case #58: 0.46 0.28 0.22 0.32 0.46 
Case #59: 0.10 0.10 0.68 0.30 0.64 
Case #60: 1.00 1.00 1.00 
Case #61: 1.00 
Case #62: 0.24 0.14 0.19 0.13 0.46 
Case #63: 0.11 0.19 0.10 0.22 0.48 
Case #64: 0.27 0.53 0.19 0.84 0.10 
Case #65: 0.33 0.22 0.27 0.33 0.58 
Case #66: 0.39 0.11 0.14 0.16 0.15 
Case #67: 0.17 0.11 0.09 0.16 0.15 
Case #68: 1.00 1.00 1.00 1.00 1.00 
Case #69: 0.17 0.16 0.70 0.11 0.14 
Case #70: 0.13 0.22 0.22 0.40 0.17 
Case #71: 0.15 0.34 0.77 0.39 0.64 
Case #72: 0.68 0.33 0.32 0.32 0.33 
Case #73: 0.40 0.63 0.26 0.10 0.23 
Case #74: 1.00 1.00 1.00 1.00 1.00 
Case #75: 0.21 0.18 0.20 0.12 0.19 
Case #76: 1.00 0.34 1.00 1.00 
Case #77: 0.12 0.14 0.11 0.19 0.11 
Case #78: 0.11 0.14 0.16 0.18 0.22 
Case #79: 0.16 0.18 0.10 0.31 0.26 
Case #80: 0.20 0.42 0.48 0.19 0.31 
Case #81: 0.13 0.21 0.20 0.13 0.12 
Case #82: 0.15 0.12 0.19 0.66 0.11 
Case #83: 0.24 0.19 0.21 0.17 0.29 
Case #84: 0.26 0.69 0.28 0.24 0.21 
Case #85: 0.10 0.13 0.32 0.14 0.12 
Case #86: 0.18 0.18 0.43 0.14 0.20 
Case #87: 0.24 0.54 0.18 0.85 0.68 
Case #88: 1.00 1.00 
Case #89: 0.33 0.21 0.20 0.22 0.78 
Case #90: 0.11 0.11 0.13 0.34 0.84 
Case #91: 0.68 0.19 0.36 0.80 0.32 
Case #92: 0.00 0.25 0.25 0.00 1.00 
Case #93: 0.10 0.54 0.46 0.54 0.34 
Case #94: 0.12 0.19 0.17 0.13 0.17 
Case #95: 0.10 0.24 0.11 0.14 0.10 
Case #96: 0.34 0.24 0.11 0.10 0.23 
Case #97: 0.11 0.21 0.48 0.27 0.18 
Case #98: 0.23 0.16 0.10 0.10 0.18 
Case #99: 0.35 0.35 0.16 0.41 0.15 
Case #100: 0.23 0.10 0.16 0.28 0.10 
